ERROR - 2019-01-08 07:26:55 --> Session: session.auto_start is enabled in php.ini. Aborting.
ERROR - 2019-01-08 07:27:00 --> Session: session.auto_start is enabled in php.ini. Aborting.
ERROR - 2019-01-08 07:27:00 --> 404 Page Not Found: Faviconico/index
ERROR - 2019-01-08 07:27:01 --> Session: session.auto_start is enabled in php.ini. Aborting.
ERROR - 2019-01-08 07:27:02 --> Session: session.auto_start is enabled in php.ini. Aborting.
ERROR - 2019-01-08 07:27:05 --> 404 Page Not Found: Dashboard/dash
ERROR - 2019-01-08 07:27:09 --> Session: session.auto_start is enabled in php.ini. Aborting.
ERROR - 2019-01-08 07:29:47 --> Session: session.auto_start is enabled in php.ini. Aborting.
ERROR - 2019-01-08 07:29:49 --> 404 Page Not Found: Dashboard/dash
ERROR - 2019-01-08 07:29:51 --> Session: session.auto_start is enabled in php.ini. Aborting.
ERROR - 2019-01-08 07:29:56 --> Session: session.auto_start is enabled in php.ini. Aborting.
ERROR - 2019-01-08 07:29:57 --> Session: session.auto_start is enabled in php.ini. Aborting.
ERROR - 2019-01-08 07:29:58 --> Session: session.auto_start is enabled in php.ini. Aborting.
ERROR - 2019-01-08 07:30:01 --> 404 Page Not Found: Dashboard/dash
ERROR - 2019-01-08 07:33:20 --> Session: session.auto_start is enabled in php.ini. Aborting.
ERROR - 2019-01-08 07:34:44 --> Session: session.auto_start is enabled in php.ini. Aborting.
ERROR - 2019-01-08 07:34:45 --> Session: session.auto_start is enabled in php.ini. Aborting.
ERROR - 2019-01-08 07:34:45 --> Session: session.auto_start is enabled in php.ini. Aborting.
ERROR - 2019-01-08 07:34:48 --> Session: session.auto_start is enabled in php.ini. Aborting.
ERROR - 2019-01-08 07:34:51 --> 404 Page Not Found: Dashboard/dash
ERROR - 2019-01-08 07:34:53 --> Session: session.auto_start is enabled in php.ini. Aborting.
ERROR - 2019-01-08 07:36:57 --> Session: session.auto_start is enabled in php.ini. Aborting.
ERROR - 2019-01-08 07:37:01 --> Session: session.auto_start is enabled in php.ini. Aborting.
ERROR - 2019-01-08 07:37:03 --> 404 Page Not Found: Customers/dash
ERROR - 2019-01-08 07:37:04 --> Session: session.auto_start is enabled in php.ini. Aborting.
ERROR - 2019-01-08 07:37:06 --> 404 Page Not Found: Customers/alltRfidBackup
ERROR - 2019-01-08 07:37:07 --> Session: session.auto_start is enabled in php.ini. Aborting.
ERROR - 2019-01-08 07:37:33 --> Session: session.auto_start is enabled in php.ini. Aborting.
ERROR - 2019-01-08 07:37:36 --> Session: session.auto_start is enabled in php.ini. Aborting.
ERROR - 2019-01-08 07:37:38 --> Session: session.auto_start is enabled in php.ini. Aborting.
ERROR - 2019-01-08 07:37:40 --> 404 Page Not Found: Customers/dash
ERROR - 2019-01-08 07:37:42 --> Session: session.auto_start is enabled in php.ini. Aborting.
ERROR - 2019-01-08 07:39:39 --> Session: session.auto_start is enabled in php.ini. Aborting.
ERROR - 2019-01-08 07:39:42 --> Session: session.auto_start is enabled in php.ini. Aborting.
ERROR - 2019-01-08 07:39:44 --> Session: session.auto_start is enabled in php.ini. Aborting.
ERROR - 2019-01-08 07:39:46 --> 404 Page Not Found: Customers/alltRfidBackup
ERROR - 2019-01-08 07:39:47 --> Session: session.auto_start is enabled in php.ini. Aborting.
ERROR - 2019-01-08 07:46:30 --> Session: session.auto_start is enabled in php.ini. Aborting.
ERROR - 2019-01-08 07:46:31 --> Session: session.auto_start is enabled in php.ini. Aborting.
ERROR - 2019-01-08 07:46:31 --> Session: session.auto_start is enabled in php.ini. Aborting.
ERROR - 2019-01-08 07:46:36 --> 404 Page Not Found: Customers/dash
ERROR - 2019-01-08 08:03:24 --> Session: session.auto_start is enabled in php.ini. Aborting.
ERROR - 2019-01-08 08:03:59 --> Session: session.auto_start is enabled in php.ini. Aborting.
ERROR - 2019-01-08 08:04:05 --> Session: session.auto_start is enabled in php.ini. Aborting.
ERROR - 2019-01-08 08:10:50 --> Session: session.auto_start is enabled in php.ini. Aborting.
ERROR - 2019-01-08 08:10:51 --> Session: session.auto_start is enabled in php.ini. Aborting.
ERROR - 2019-01-08 08:10:53 --> Session: session.auto_start is enabled in php.ini. Aborting.
ERROR - 2019-01-08 08:11:15 --> Session: session.auto_start is enabled in php.ini. Aborting.
ERROR - 2019-01-08 08:11:17 --> 404 Page Not Found: Customers/dash
ERROR - 2019-01-08 08:22:27 --> Session: session.auto_start is enabled in php.ini. Aborting.
ERROR - 2019-01-08 08:22:29 --> Session: session.auto_start is enabled in php.ini. Aborting.
ERROR - 2019-01-08 08:22:32 --> Session: session.auto_start is enabled in php.ini. Aborting.
ERROR - 2019-01-08 08:22:47 --> Session: session.auto_start is enabled in php.ini. Aborting.
ERROR - 2019-01-08 08:22:48 --> Session: session.auto_start is enabled in php.ini. Aborting.
ERROR - 2019-01-08 08:22:50 --> Session: session.auto_start is enabled in php.ini. Aborting.
ERROR - 2019-01-08 08:23:04 --> Session: session.auto_start is enabled in php.ini. Aborting.
ERROR - 2019-01-08 08:37:08 --> Session: session.auto_start is enabled in php.ini. Aborting.
ERROR - 2019-01-08 08:37:11 --> Session: session.auto_start is enabled in php.ini. Aborting.
ERROR - 2019-01-08 08:38:28 --> Session: session.auto_start is enabled in php.ini. Aborting.
ERROR - 2019-01-08 08:38:31 --> Session: session.auto_start is enabled in php.ini. Aborting.
ERROR - 2019-01-08 08:38:31 --> Severity: Notice --> Undefined property: Dashboard::$customersmodel C:\allt\wms\application\controllers\Dashboard.php 22
ERROR - 2019-01-08 08:38:31 --> Severity: error --> Exception: Call to a member function consultHistoryList() on null C:\allt\wms\application\controllers\Dashboard.php 22
ERROR - 2019-01-08 08:38:34 --> Session: session.auto_start is enabled in php.ini. Aborting.
ERROR - 2019-01-08 08:39:01 --> Session: session.auto_start is enabled in php.ini. Aborting.
ERROR - 2019-01-08 08:39:02 --> Session: session.auto_start is enabled in php.ini. Aborting.
ERROR - 2019-01-08 08:39:07 --> Session: session.auto_start is enabled in php.ini. Aborting.
ERROR - 2019-01-08 09:26:57 --> Session: session.auto_start is enabled in php.ini. Aborting.
ERROR - 2019-01-08 09:26:58 --> Session: session.auto_start is enabled in php.ini. Aborting.
ERROR - 2019-01-08 09:27:01 --> Session: session.auto_start is enabled in php.ini. Aborting.
ERROR - 2019-01-08 09:27:20 --> Session: session.auto_start is enabled in php.ini. Aborting.
ERROR - 2019-01-08 09:27:51 --> Session: session.auto_start is enabled in php.ini. Aborting.
ERROR - 2019-01-08 09:27:53 --> Session: session.auto_start is enabled in php.ini. Aborting.
