ERROR - 2019-01-07 05:08:35 --> Session: session.auto_start is enabled in php.ini. Aborting.
ERROR - 2019-01-07 05:08:37 --> 404 Page Not Found: Faviconico/index
ERROR - 2019-01-07 05:08:39 --> Session: session.auto_start is enabled in php.ini. Aborting.
ERROR - 2019-01-07 05:08:40 --> Session: session.auto_start is enabled in php.ini. Aborting.
ERROR - 2019-01-07 05:08:40 --> Session: session.auto_start is enabled in php.ini. Aborting.
ERROR - 2019-01-07 05:08:47 --> Session: session.auto_start is enabled in php.ini. Aborting.
ERROR - 2019-01-07 05:08:51 --> Session: session.auto_start is enabled in php.ini. Aborting.
ERROR - 2019-01-07 05:08:54 --> Session: session.auto_start is enabled in php.ini. Aborting.
ERROR - 2019-01-07 05:08:56 --> 404 Page Not Found: Customers/alltRfidBackup
ERROR - 2019-01-07 05:08:59 --> Session: session.auto_start is enabled in php.ini. Aborting.
ERROR - 2019-01-07 05:09:03 --> Session: session.auto_start is enabled in php.ini. Aborting.
ERROR - 2019-01-07 05:09:48 --> Session: session.auto_start is enabled in php.ini. Aborting.
ERROR - 2019-01-07 05:09:53 --> Session: session.auto_start is enabled in php.ini. Aborting.
ERROR - 2019-01-07 05:10:09 --> Session: session.auto_start is enabled in php.ini. Aborting.
ERROR - 2019-01-07 05:10:12 --> Session: session.auto_start is enabled in php.ini. Aborting.
ERROR - 2019-01-07 05:10:14 --> Session: session.auto_start is enabled in php.ini. Aborting.
ERROR - 2019-01-07 05:10:15 --> Session: session.auto_start is enabled in php.ini. Aborting.
ERROR - 2019-01-07 05:11:13 --> Session: session.auto_start is enabled in php.ini. Aborting.
ERROR - 2019-01-07 05:11:15 --> Session: session.auto_start is enabled in php.ini. Aborting.
ERROR - 2019-01-07 05:14:57 --> Session: session.auto_start is enabled in php.ini. Aborting.
ERROR - 2019-01-07 05:15:03 --> Session: session.auto_start is enabled in php.ini. Aborting.
ERROR - 2019-01-07 05:15:04 --> Session: session.auto_start is enabled in php.ini. Aborting.
ERROR - 2019-01-07 05:15:04 --> Session: session.auto_start is enabled in php.ini. Aborting.
ERROR - 2019-01-07 05:15:11 --> Session: session.auto_start is enabled in php.ini. Aborting.
ERROR - 2019-01-07 05:17:10 --> Session: session.auto_start is enabled in php.ini. Aborting.
ERROR - 2019-01-07 05:17:12 --> Session: session.auto_start is enabled in php.ini. Aborting.
ERROR - 2019-01-07 05:17:14 --> Session: session.auto_start is enabled in php.ini. Aborting.
ERROR - 2019-01-07 05:17:17 --> Session: session.auto_start is enabled in php.ini. Aborting.
ERROR - 2019-01-07 05:17:18 --> 404 Page Not Found: Customers/alltRfidBackup
ERROR - 2019-01-07 05:17:20 --> Session: session.auto_start is enabled in php.ini. Aborting.
ERROR - 2019-01-07 05:24:10 --> Session: session.auto_start is enabled in php.ini. Aborting.
ERROR - 2019-01-07 05:24:13 --> Session: session.auto_start is enabled in php.ini. Aborting.
ERROR - 2019-01-07 05:24:30 --> Session: session.auto_start is enabled in php.ini. Aborting.
ERROR - 2019-01-07 05:24:32 --> 404 Page Not Found: Dashboard/dashboard
ERROR - 2019-01-07 05:24:34 --> Session: session.auto_start is enabled in php.ini. Aborting.
ERROR - 2019-01-07 05:25:30 --> 404 Page Not Found: Dashboard/dashboard
ERROR - 2019-01-07 05:25:32 --> Session: session.auto_start is enabled in php.ini. Aborting.
ERROR - 2019-01-07 05:26:09 --> Session: session.auto_start is enabled in php.ini. Aborting.
ERROR - 2019-01-07 05:26:10 --> 404 Page Not Found: Dashboard/dashboard
ERROR - 2019-01-07 05:26:21 --> 404 Page Not Found: Dashboard/dashboard
ERROR - 2019-01-07 05:26:22 --> Session: session.auto_start is enabled in php.ini. Aborting.
ERROR - 2019-01-07 05:26:24 --> Session: session.auto_start is enabled in php.ini. Aborting.
ERROR - 2019-01-07 05:26:26 --> 404 Page Not Found: Dashboard/dash
ERROR - 2019-01-07 05:26:27 --> Session: session.auto_start is enabled in php.ini. Aborting.
ERROR - 2019-01-07 05:26:29 --> 404 Page Not Found: Dashboard/dash
ERROR - 2019-01-07 05:26:32 --> Session: session.auto_start is enabled in php.ini. Aborting.
ERROR - 2019-01-07 05:29:01 --> Session: session.auto_start is enabled in php.ini. Aborting.
ERROR - 2019-01-07 05:29:04 --> Session: session.auto_start is enabled in php.ini. Aborting.
ERROR - 2019-01-07 05:29:06 --> Session: session.auto_start is enabled in php.ini. Aborting.
ERROR - 2019-01-07 05:29:06 --> Session: session.auto_start is enabled in php.ini. Aborting.
ERROR - 2019-01-07 05:29:07 --> Session: session.auto_start is enabled in php.ini. Aborting.
ERROR - 2019-01-07 05:29:09 --> 404 Page Not Found: Dashboard/dash
ERROR - 2019-01-07 05:29:13 --> Session: session.auto_start is enabled in php.ini. Aborting.
ERROR - 2019-01-07 05:29:33 --> Session: session.auto_start is enabled in php.ini. Aborting.
ERROR - 2019-01-07 05:29:35 --> 404 Page Not Found: Dashboard/dash.html
ERROR - 2019-01-07 05:33:23 --> Session: session.auto_start is enabled in php.ini. Aborting.
ERROR - 2019-01-07 05:33:24 --> Session: session.auto_start is enabled in php.ini. Aborting.
ERROR - 2019-01-07 05:33:24 --> Session: session.auto_start is enabled in php.ini. Aborting.
ERROR - 2019-01-07 05:33:27 --> 404 Page Not Found: Dashboard/dash.html
ERROR - 2019-01-07 05:33:29 --> Session: session.auto_start is enabled in php.ini. Aborting.
ERROR - 2019-01-07 05:33:56 --> Session: session.auto_start is enabled in php.ini. Aborting.
ERROR - 2019-01-07 05:33:57 --> Session: session.auto_start is enabled in php.ini. Aborting.
ERROR - 2019-01-07 05:33:57 --> Session: session.auto_start is enabled in php.ini. Aborting.
ERROR - 2019-01-07 05:34:00 --> 404 Page Not Found: Dashboard/dash
ERROR - 2019-01-07 05:34:03 --> 404 Page Not Found: Dashboard/dash
ERROR - 2019-01-07 05:34:04 --> Session: session.auto_start is enabled in php.ini. Aborting.
ERROR - 2019-01-07 05:34:31 --> Session: session.auto_start is enabled in php.ini. Aborting.
ERROR - 2019-01-07 05:34:34 --> 404 Page Not Found: Dashboard/dash
ERROR - 2019-01-07 05:34:35 --> Session: session.auto_start is enabled in php.ini. Aborting.
ERROR - 2019-01-07 05:53:26 --> Session: session.auto_start is enabled in php.ini. Aborting.
ERROR - 2019-01-07 05:53:28 --> 404 Page Not Found: Dashboard/dash
ERROR - 2019-01-07 05:53:30 --> Session: session.auto_start is enabled in php.ini. Aborting.
ERROR - 2019-01-07 07:34:44 --> Session: session.auto_start is enabled in php.ini. Aborting.
ERROR - 2019-01-07 07:34:44 --> Session: session.auto_start is enabled in php.ini. Aborting.
ERROR - 2019-01-07 07:34:45 --> Session: session.auto_start is enabled in php.ini. Aborting.
ERROR - 2019-01-07 09:30:19 --> Session: session.auto_start is enabled in php.ini. Aborting.
