ERROR - 2019-01-16 01:41:03 --> Session: session.auto_start is enabled in php.ini. Aborting.
ERROR - 2019-01-16 01:41:04 --> 404 Page Not Found: Assets/plugins
ERROR - 2019-01-16 01:41:04 --> 404 Page Not Found: Assets/plugins
ERROR - 2019-01-16 01:41:04 --> 404 Page Not Found: Assets/plugins
ERROR - 2019-01-16 01:41:04 --> 404 Page Not Found: Assets/plugins
ERROR - 2019-01-16 01:41:04 --> 404 Page Not Found: Assets/plugins
ERROR - 2019-01-16 01:41:04 --> 404 Page Not Found: Assets/plugins
ERROR - 2019-01-16 01:41:04 --> 404 Page Not Found: Assets/plugins
ERROR - 2019-01-16 01:41:04 --> 404 Page Not Found: Assets/plugins
ERROR - 2019-01-16 01:41:04 --> 404 Page Not Found: Assets/plugins
ERROR - 2019-01-16 01:41:04 --> 404 Page Not Found: Assets/plugins
ERROR - 2019-01-16 01:41:05 --> 404 Page Not Found: Faviconico/index
ERROR - 2019-01-16 01:42:31 --> Session: session.auto_start is enabled in php.ini. Aborting.
ERROR - 2019-01-16 01:42:31 --> 404 Page Not Found: Assets/plugins
ERROR - 2019-01-16 01:42:31 --> 404 Page Not Found: Assets/plugins
ERROR - 2019-01-16 01:42:31 --> 404 Page Not Found: Assets/plugins
ERROR - 2019-01-16 01:42:31 --> 404 Page Not Found: Assets/plugins
ERROR - 2019-01-16 01:42:31 --> 404 Page Not Found: Assets/plugins
ERROR - 2019-01-16 01:42:31 --> 404 Page Not Found: Assets/plugins
ERROR - 2019-01-16 01:42:31 --> 404 Page Not Found: Assets/plugins
ERROR - 2019-01-16 01:42:31 --> 404 Page Not Found: Assets/plugins
ERROR - 2019-01-16 01:48:38 --> Session: session.auto_start is enabled in php.ini. Aborting.
ERROR - 2019-01-16 01:48:38 --> 404 Page Not Found: Assets/plugins
ERROR - 2019-01-16 01:48:38 --> 404 Page Not Found: Assets/plugins
ERROR - 2019-01-16 01:48:38 --> 404 Page Not Found: Assets/plugins
ERROR - 2019-01-16 01:48:38 --> 404 Page Not Found: Assets/plugins
ERROR - 2019-01-16 01:48:38 --> 404 Page Not Found: Assets/plugins
ERROR - 2019-01-16 01:48:38 --> 404 Page Not Found: Assets/plugins
ERROR - 2019-01-16 01:48:38 --> 404 Page Not Found: Assets/plugins
ERROR - 2019-01-16 01:48:38 --> 404 Page Not Found: Assets/plugins
ERROR - 2019-01-16 01:48:38 --> 404 Page Not Found: Assets/plugins
ERROR - 2019-01-16 01:48:38 --> 404 Page Not Found: Assets/plugins
ERROR - 2019-01-16 01:49:43 --> Session: session.auto_start is enabled in php.ini. Aborting.
ERROR - 2019-01-16 01:49:43 --> 404 Page Not Found: Assets/plugins
ERROR - 2019-01-16 01:49:43 --> 404 Page Not Found: Assets/plugins
ERROR - 2019-01-16 01:49:43 --> 404 Page Not Found: Assets/plugins
ERROR - 2019-01-16 01:49:43 --> 404 Page Not Found: Assets/plugins
ERROR - 2019-01-16 01:49:43 --> 404 Page Not Found: Assets/plugins
ERROR - 2019-01-16 01:49:44 --> 404 Page Not Found: Assets/plugins
ERROR - 2019-01-16 01:49:44 --> 404 Page Not Found: Assets/plugins
ERROR - 2019-01-16 01:49:44 --> 404 Page Not Found: Assets/plugins
ERROR - 2019-01-16 01:49:44 --> 404 Page Not Found: Assets/plugins
ERROR - 2019-01-16 01:49:44 --> 404 Page Not Found: Assets/plugins
ERROR - 2019-01-16 01:50:31 --> Session: session.auto_start is enabled in php.ini. Aborting.
ERROR - 2019-01-16 01:50:31 --> 404 Page Not Found: Assets/plugins
ERROR - 2019-01-16 01:50:31 --> 404 Page Not Found: Assets/plugins
ERROR - 2019-01-16 01:50:31 --> 404 Page Not Found: Assets/plugins
ERROR - 2019-01-16 01:50:32 --> 404 Page Not Found: Assets/plugins
ERROR - 2019-01-16 01:50:32 --> 404 Page Not Found: Assets/plugins
ERROR - 2019-01-16 01:50:32 --> 404 Page Not Found: Assets/plugins
ERROR - 2019-01-16 01:50:32 --> 404 Page Not Found: Assets/plugins
ERROR - 2019-01-16 01:50:32 --> 404 Page Not Found: Assets/plugins
ERROR - 2019-01-16 01:50:32 --> 404 Page Not Found: Assets/plugins
ERROR - 2019-01-16 01:50:32 --> 404 Page Not Found: Assets/plugins
ERROR - 2019-01-16 01:53:20 --> Session: session.auto_start is enabled in php.ini. Aborting.
ERROR - 2019-01-16 01:53:20 --> 404 Page Not Found: Assets/plugins
ERROR - 2019-01-16 01:53:20 --> 404 Page Not Found: Assets/plugins
ERROR - 2019-01-16 01:53:21 --> 404 Page Not Found: Assets/plugins
ERROR - 2019-01-16 01:53:21 --> 404 Page Not Found: Assets/plugins
ERROR - 2019-01-16 01:53:21 --> 404 Page Not Found: Assets/plugins
ERROR - 2019-01-16 01:53:21 --> 404 Page Not Found: Assets/plugins
ERROR - 2019-01-16 01:53:21 --> 404 Page Not Found: Assets/plugins
ERROR - 2019-01-16 01:53:21 --> 404 Page Not Found: Assets/plugins
ERROR - 2019-01-16 01:53:21 --> 404 Page Not Found: Assets/plugins
ERROR - 2019-01-16 01:53:21 --> 404 Page Not Found: Assets/plugins
ERROR - 2019-01-16 02:37:34 --> Session: session.auto_start is enabled in php.ini. Aborting.
ERROR - 2019-01-16 02:37:34 --> 404 Page Not Found: Assets/plugins
ERROR - 2019-01-16 02:37:35 --> 404 Page Not Found: Assets/plugins
ERROR - 2019-01-16 02:37:35 --> 404 Page Not Found: Assets/plugins
ERROR - 2019-01-16 02:37:35 --> 404 Page Not Found: Assets/plugins
ERROR - 2019-01-16 02:37:35 --> 404 Page Not Found: Assets/plugins
ERROR - 2019-01-16 02:37:35 --> 404 Page Not Found: Assets/plugins
ERROR - 2019-01-16 02:37:35 --> 404 Page Not Found: Assets/plugins
ERROR - 2019-01-16 02:37:35 --> 404 Page Not Found: Assets/plugins
ERROR - 2019-01-16 02:37:35 --> 404 Page Not Found: Assets/plugins
ERROR - 2019-01-16 02:37:35 --> 404 Page Not Found: Assets/plugins
ERROR - 2019-01-16 02:43:18 --> 404 Page Not Found: New/index.php
ERROR - 2019-01-16 02:43:47 --> Session: session.auto_start is enabled in php.ini. Aborting.
ERROR - 2019-01-16 02:43:47 --> Session: session.auto_start is enabled in php.ini. Aborting.
ERROR - 2019-01-16 02:43:48 --> 404 Page Not Found: Assets/plugins
ERROR - 2019-01-16 02:43:48 --> 404 Page Not Found: Assets/plugins
ERROR - 2019-01-16 02:43:48 --> 404 Page Not Found: Assets/plugins
ERROR - 2019-01-16 02:43:48 --> 404 Page Not Found: Assets/plugins
ERROR - 2019-01-16 02:43:48 --> 404 Page Not Found: Assets/plugins
ERROR - 2019-01-16 02:43:48 --> 404 Page Not Found: Assets/plugins
ERROR - 2019-01-16 02:43:48 --> 404 Page Not Found: Assets/plugins
ERROR - 2019-01-16 02:43:48 --> 404 Page Not Found: Assets/plugins
ERROR - 2019-01-16 02:43:56 --> Session: session.auto_start is enabled in php.ini. Aborting.
ERROR - 2019-01-16 02:43:56 --> 404 Page Not Found: Assets/plugins
ERROR - 2019-01-16 02:43:56 --> 404 Page Not Found: Assets/plugins
ERROR - 2019-01-16 02:43:56 --> 404 Page Not Found: Assets/plugins
ERROR - 2019-01-16 02:43:56 --> 404 Page Not Found: Assets/plugins
ERROR - 2019-01-16 02:43:56 --> 404 Page Not Found: Assets/plugins
ERROR - 2019-01-16 02:43:56 --> 404 Page Not Found: Assets/plugins
ERROR - 2019-01-16 02:43:56 --> 404 Page Not Found: Assets/plugins
ERROR - 2019-01-16 02:43:56 --> 404 Page Not Found: Assets/plugins
ERROR - 2019-01-16 02:43:56 --> 404 Page Not Found: Assets/plugins
ERROR - 2019-01-16 02:43:56 --> 404 Page Not Found: Assets/plugins
ERROR - 2019-01-16 02:45:23 --> 404 Page Not Found: Xampp/index
ERROR - 2019-01-16 02:45:39 --> Session: session.auto_start is enabled in php.ini. Aborting.
ERROR - 2019-01-16 02:45:40 --> 404 Page Not Found: Assets/plugins
ERROR - 2019-01-16 02:45:40 --> 404 Page Not Found: Assets/plugins
ERROR - 2019-01-16 02:45:40 --> 404 Page Not Found: Assets/plugins
ERROR - 2019-01-16 02:45:40 --> 404 Page Not Found: Assets/plugins
ERROR - 2019-01-16 02:45:40 --> 404 Page Not Found: Assets/plugins
ERROR - 2019-01-16 02:45:40 --> 404 Page Not Found: Assets/plugins
ERROR - 2019-01-16 02:45:40 --> 404 Page Not Found: Assets/plugins
ERROR - 2019-01-16 02:45:40 --> 404 Page Not Found: Assets/plugins
ERROR - 2019-01-16 02:45:40 --> 404 Page Not Found: Assets/plugins
ERROR - 2019-01-16 02:45:40 --> 404 Page Not Found: Assets/plugins
ERROR - 2019-01-16 02:45:44 --> Session: session.auto_start is enabled in php.ini. Aborting.
ERROR - 2019-01-16 02:45:44 --> 404 Page Not Found: Assets/plugins
ERROR - 2019-01-16 02:45:45 --> 404 Page Not Found: Assets/plugins
ERROR - 2019-01-16 02:45:45 --> 404 Page Not Found: Assets/plugins
ERROR - 2019-01-16 02:45:45 --> 404 Page Not Found: Assets/plugins
ERROR - 2019-01-16 02:45:45 --> 404 Page Not Found: Assets/plugins
ERROR - 2019-01-16 02:45:45 --> 404 Page Not Found: Assets/plugins
ERROR - 2019-01-16 02:45:45 --> 404 Page Not Found: Assets/plugins
ERROR - 2019-01-16 02:45:45 --> 404 Page Not Found: Assets/plugins
ERROR - 2019-01-16 02:45:45 --> 404 Page Not Found: Assets/plugins
ERROR - 2019-01-16 02:45:45 --> 404 Page Not Found: Assets/plugins
ERROR - 2019-01-16 02:45:45 --> 404 Page Not Found: Assets/plugins
ERROR - 2019-01-16 02:45:45 --> 404 Page Not Found: Assets/plugins
ERROR - 2019-01-16 02:59:36 --> Session: session.auto_start is enabled in php.ini. Aborting.
ERROR - 2019-01-16 02:59:36 --> 404 Page Not Found: Assets/plugins
ERROR - 2019-01-16 02:59:36 --> 404 Page Not Found: Assets/plugins
ERROR - 2019-01-16 02:59:36 --> 404 Page Not Found: Assets/plugins
ERROR - 2019-01-16 02:59:36 --> 404 Page Not Found: Assets/plugins
ERROR - 2019-01-16 02:59:36 --> 404 Page Not Found: Assets/plugins
ERROR - 2019-01-16 02:59:36 --> 404 Page Not Found: Assets/plugins
ERROR - 2019-01-16 02:59:37 --> 404 Page Not Found: Assets/plugins
ERROR - 2019-01-16 02:59:37 --> 404 Page Not Found: Assets/plugins
ERROR - 2019-01-16 02:59:37 --> 404 Page Not Found: Assets/plugins
ERROR - 2019-01-16 02:59:37 --> 404 Page Not Found: Assets/plugins
ERROR - 2019-01-16 02:59:37 --> 404 Page Not Found: Assets/plugins
ERROR - 2019-01-16 02:59:37 --> 404 Page Not Found: Assets/plugins
ERROR - 2019-01-16 02:59:37 --> 404 Page Not Found: Assets/plugins
ERROR - 2019-01-16 02:59:37 --> 404 Page Not Found: Faviconico/index
ERROR - 2019-01-16 03:12:50 --> Session: session.auto_start is enabled in php.ini. Aborting.
ERROR - 2019-01-16 03:12:53 --> Session: session.auto_start is enabled in php.ini. Aborting.
ERROR - 2019-01-16 03:12:54 --> Session: session.auto_start is enabled in php.ini. Aborting.
ERROR - 2019-01-16 03:12:55 --> Session: session.auto_start is enabled in php.ini. Aborting.
ERROR - 2019-01-16 03:12:57 --> Session: session.auto_start is enabled in php.ini. Aborting.
ERROR - 2019-01-16 03:13:05 --> Session: session.auto_start is enabled in php.ini. Aborting.
ERROR - 2019-01-16 03:29:52 --> Session: session.auto_start is enabled in php.ini. Aborting.
ERROR - 2019-01-16 03:30:27 --> Session: session.auto_start is enabled in php.ini. Aborting.
ERROR - 2019-01-16 03:30:38 --> Session: session.auto_start is enabled in php.ini. Aborting.
ERROR - 2019-01-16 03:30:59 --> Session: session.auto_start is enabled in php.ini. Aborting.
ERROR - 2019-01-16 03:32:22 --> Session: session.auto_start is enabled in php.ini. Aborting.
ERROR - 2019-01-16 03:32:25 --> Session: session.auto_start is enabled in php.ini. Aborting.
ERROR - 2019-01-16 03:32:34 --> Session: session.auto_start is enabled in php.ini. Aborting.
ERROR - 2019-01-16 03:32:37 --> Session: session.auto_start is enabled in php.ini. Aborting.
ERROR - 2019-01-16 03:32:39 --> Session: session.auto_start is enabled in php.ini. Aborting.
ERROR - 2019-01-16 03:32:51 --> Session: session.auto_start is enabled in php.ini. Aborting.
ERROR - 2019-01-16 03:32:55 --> Session: session.auto_start is enabled in php.ini. Aborting.
ERROR - 2019-01-16 03:33:53 --> Session: session.auto_start is enabled in php.ini. Aborting.
ERROR - 2019-01-16 03:33:59 --> Session: session.auto_start is enabled in php.ini. Aborting.
ERROR - 2019-01-16 03:34:02 --> Session: session.auto_start is enabled in php.ini. Aborting.
ERROR - 2019-01-16 03:34:09 --> Session: session.auto_start is enabled in php.ini. Aborting.
ERROR - 2019-01-16 03:34:30 --> Session: session.auto_start is enabled in php.ini. Aborting.
ERROR - 2019-01-16 03:35:03 --> Session: session.auto_start is enabled in php.ini. Aborting.
ERROR - 2019-01-16 03:35:06 --> Session: session.auto_start is enabled in php.ini. Aborting.
ERROR - 2019-01-16 03:35:09 --> Session: session.auto_start is enabled in php.ini. Aborting.
ERROR - 2019-01-16 03:52:39 --> Session: session.auto_start is enabled in php.ini. Aborting.
ERROR - 2019-01-16 03:52:42 --> Session: session.auto_start is enabled in php.ini. Aborting.
ERROR - 2019-01-16 03:53:10 --> Session: session.auto_start is enabled in php.ini. Aborting.
ERROR - 2019-01-16 03:54:08 --> Session: session.auto_start is enabled in php.ini. Aborting.
ERROR - 2019-01-16 04:08:10 --> Session: session.auto_start is enabled in php.ini. Aborting.
ERROR - 2019-01-16 04:08:29 --> Session: session.auto_start is enabled in php.ini. Aborting.
ERROR - 2019-01-16 04:08:33 --> Session: session.auto_start is enabled in php.ini. Aborting.
ERROR - 2019-01-16 04:08:41 --> Session: session.auto_start is enabled in php.ini. Aborting.
ERROR - 2019-01-16 04:08:52 --> Session: session.auto_start is enabled in php.ini. Aborting.
ERROR - 2019-01-16 04:09:03 --> Session: session.auto_start is enabled in php.ini. Aborting.
ERROR - 2019-01-16 04:09:12 --> Session: session.auto_start is enabled in php.ini. Aborting.
ERROR - 2019-01-16 04:09:28 --> Session: session.auto_start is enabled in php.ini. Aborting.
ERROR - 2019-01-16 04:09:50 --> Session: session.auto_start is enabled in php.ini. Aborting.
ERROR - 2019-01-16 04:10:20 --> Session: session.auto_start is enabled in php.ini. Aborting.
ERROR - 2019-01-16 04:11:05 --> Session: session.auto_start is enabled in php.ini. Aborting.
ERROR - 2019-01-16 04:18:07 --> Session: session.auto_start is enabled in php.ini. Aborting.
ERROR - 2019-01-16 04:18:20 --> Session: session.auto_start is enabled in php.ini. Aborting.
ERROR - 2019-01-16 04:19:21 --> Session: session.auto_start is enabled in php.ini. Aborting.
ERROR - 2019-01-16 04:19:38 --> Session: session.auto_start is enabled in php.ini. Aborting.
ERROR - 2019-01-16 04:21:06 --> Session: session.auto_start is enabled in php.ini. Aborting.
ERROR - 2019-01-16 04:21:07 --> Session: session.auto_start is enabled in php.ini. Aborting.
ERROR - 2019-01-16 04:21:07 --> Session: session.auto_start is enabled in php.ini. Aborting.
ERROR - 2019-01-16 04:21:10 --> Session: session.auto_start is enabled in php.ini. Aborting.
ERROR - 2019-01-16 04:21:28 --> Session: session.auto_start is enabled in php.ini. Aborting.
ERROR - 2019-01-16 04:25:10 --> Session: session.auto_start is enabled in php.ini. Aborting.
ERROR - 2019-01-16 04:25:25 --> Session: session.auto_start is enabled in php.ini. Aborting.
ERROR - 2019-01-16 04:25:29 --> Session: session.auto_start is enabled in php.ini. Aborting.
ERROR - 2019-01-16 08:50:41 --> Session: session.auto_start is enabled in php.ini. Aborting.
ERROR - 2019-01-16 08:50:42 --> 404 Page Not Found: Faviconico/index
ERROR - 2019-01-16 08:50:43 --> Session: session.auto_start is enabled in php.ini. Aborting.
ERROR - 2019-01-16 08:50:45 --> Session: session.auto_start is enabled in php.ini. Aborting.
ERROR - 2019-01-16 08:50:45 --> Session: session.auto_start is enabled in php.ini. Aborting.
ERROR - 2019-01-16 08:50:49 --> Session: session.auto_start is enabled in php.ini. Aborting.
ERROR - 2019-01-16 08:53:25 --> Session: session.auto_start is enabled in php.ini. Aborting.
ERROR - 2019-01-16 08:53:25 --> 404 Page Not Found: Assets/lumino
ERROR - 2019-01-16 08:53:25 --> 404 Page Not Found: Assets/lumino
ERROR - 2019-01-16 08:53:48 --> Session: session.auto_start is enabled in php.ini. Aborting.
ERROR - 2019-01-16 08:53:48 --> 404 Page Not Found: Assets/lumino
ERROR - 2019-01-16 08:53:48 --> 404 Page Not Found: Assets/lumino
ERROR - 2019-01-16 08:54:09 --> Session: session.auto_start is enabled in php.ini. Aborting.
ERROR - 2019-01-16 08:54:09 --> 404 Page Not Found: Assets/lumino
ERROR - 2019-01-16 08:54:10 --> 404 Page Not Found: Assets/lumino
ERROR - 2019-01-16 08:54:17 --> Session: session.auto_start is enabled in php.ini. Aborting.
ERROR - 2019-01-16 08:54:17 --> 404 Page Not Found: Assets/lumino
ERROR - 2019-01-16 08:54:17 --> 404 Page Not Found: Assets/lumino
ERROR - 2019-01-16 08:58:44 --> Session: session.auto_start is enabled in php.ini. Aborting.
ERROR - 2019-01-16 08:58:44 --> 404 Page Not Found: Assets/lumino
ERROR - 2019-01-16 08:58:44 --> 404 Page Not Found: Assets/lumino
ERROR - 2019-01-16 08:59:26 --> Session: session.auto_start is enabled in php.ini. Aborting.
ERROR - 2019-01-16 08:59:38 --> Session: session.auto_start is enabled in php.ini. Aborting.
ERROR - 2019-01-16 08:59:45 --> Session: session.auto_start is enabled in php.ini. Aborting.
ERROR - 2019-01-16 09:03:03 --> Session: session.auto_start is enabled in php.ini. Aborting.
ERROR - 2019-01-16 09:05:58 --> Session: session.auto_start is enabled in php.ini. Aborting.
ERROR - 2019-01-16 09:06:24 --> Session: session.auto_start is enabled in php.ini. Aborting.
ERROR - 2019-01-16 09:12:28 --> Session: session.auto_start is enabled in php.ini. Aborting.
ERROR - 2019-01-16 09:12:29 --> Session: session.auto_start is enabled in php.ini. Aborting.
ERROR - 2019-01-16 09:12:29 --> Session: session.auto_start is enabled in php.ini. Aborting.
ERROR - 2019-01-16 09:12:31 --> 404 Page Not Found: Customers/alltRfidBackup
ERROR - 2019-01-16 09:12:33 --> Session: session.auto_start is enabled in php.ini. Aborting.
ERROR - 2019-01-16 09:12:35 --> Session: session.auto_start is enabled in php.ini. Aborting.
ERROR - 2019-01-16 09:20:18 --> Session: session.auto_start is enabled in php.ini. Aborting.
ERROR - 2019-01-16 09:20:25 --> Session: session.auto_start is enabled in php.ini. Aborting.
ERROR - 2019-01-16 09:20:30 --> Session: session.auto_start is enabled in php.ini. Aborting.
ERROR - 2019-01-16 09:20:32 --> Session: session.auto_start is enabled in php.ini. Aborting.
ERROR - 2019-01-16 09:20:50 --> Session: session.auto_start is enabled in php.ini. Aborting.
ERROR - 2019-01-16 09:20:53 --> Session: session.auto_start is enabled in php.ini. Aborting.
ERROR - 2019-01-16 09:30:54 --> Session: session.auto_start is enabled in php.ini. Aborting.
ERROR - 2019-01-16 09:32:26 --> Session: session.auto_start is enabled in php.ini. Aborting.
ERROR - 2019-01-16 09:44:24 --> Session: session.auto_start is enabled in php.ini. Aborting.
ERROR - 2019-01-16 09:44:27 --> Session: session.auto_start is enabled in php.ini. Aborting.
