ERROR - 2019-01-15 01:31:09 --> Session: session.auto_start is enabled in php.ini. Aborting.
ERROR - 2019-01-15 01:31:11 --> 404 Page Not Found: Faviconico/index
ERROR - 2019-01-15 01:31:12 --> Session: session.auto_start is enabled in php.ini. Aborting.
ERROR - 2019-01-15 01:31:13 --> Session: session.auto_start is enabled in php.ini. Aborting.
ERROR - 2019-01-15 01:31:14 --> Session: session.auto_start is enabled in php.ini. Aborting.
ERROR - 2019-01-15 01:31:17 --> Session: session.auto_start is enabled in php.ini. Aborting.
ERROR - 2019-01-15 01:31:19 --> Session: session.auto_start is enabled in php.ini. Aborting.
ERROR - 2019-01-15 01:37:11 --> Session: session.auto_start is enabled in php.ini. Aborting.
ERROR - 2019-01-15 01:37:14 --> Session: session.auto_start is enabled in php.ini. Aborting.
ERROR - 2019-01-15 01:37:21 --> Session: session.auto_start is enabled in php.ini. Aborting.
ERROR - 2019-01-15 01:39:12 --> Session: session.auto_start is enabled in php.ini. Aborting.
ERROR - 2019-01-15 01:39:16 --> Session: session.auto_start is enabled in php.ini. Aborting.
ERROR - 2019-01-15 01:39:17 --> Session: session.auto_start is enabled in php.ini. Aborting.
ERROR - 2019-01-15 01:39:33 --> Session: session.auto_start is enabled in php.ini. Aborting.
ERROR - 2019-01-15 01:39:36 --> Session: session.auto_start is enabled in php.ini. Aborting.
ERROR - 2019-01-15 01:40:48 --> Session: session.auto_start is enabled in php.ini. Aborting.
ERROR - 2019-01-15 01:40:50 --> Session: session.auto_start is enabled in php.ini. Aborting.
ERROR - 2019-01-15 01:40:50 --> Severity: Notice --> Undefined variable: sSideBar C:\allt\wms\application\controllers\Dashboard.php 21
ERROR - 2019-01-15 01:40:50 --> Severity: Notice --> Undefined variable: sidebar01 C:\allt\wms\application\views\include\incTop.php 119
ERROR - 2019-01-15 01:40:50 --> Severity: Notice --> Undefined variable: sidebar03 C:\allt\wms\application\views\include\incTop.php 126
ERROR - 2019-01-15 01:40:50 --> Severity: Notice --> Undefined variable: sidebar01 C:\allt\wms\application\views\include\incTop.php 130
ERROR - 2019-01-15 01:40:50 --> Severity: Notice --> Undefined variable: sidebar01 C:\allt\wms\application\views\include\incTop.php 134
ERROR - 2019-01-15 01:40:50 --> Severity: Notice --> Undefined variable: sidebar03 C:\allt\wms\application\views\include\incTop.php 137
ERROR - 2019-01-15 01:40:50 --> Severity: Notice --> Undefined variable: sidebar03 C:\allt\wms\application\views\include\incTop.php 138
ERROR - 2019-01-15 01:40:50 --> Severity: Notice --> Undefined variable: sidebar01 C:\allt\wms\application\views\include\incTop.php 141
ERROR - 2019-01-15 01:40:50 --> Severity: Notice --> Undefined variable: sidebar01 C:\allt\wms\application\views\include\incTop.php 145
ERROR - 2019-01-15 01:40:50 --> Severity: Notice --> Undefined variable: sidebar03 C:\allt\wms\application\views\include\incTop.php 148
ERROR - 2019-01-15 01:40:52 --> Session: session.auto_start is enabled in php.ini. Aborting.
ERROR - 2019-01-15 01:42:16 --> Session: session.auto_start is enabled in php.ini. Aborting.
ERROR - 2019-01-15 01:42:18 --> Session: session.auto_start is enabled in php.ini. Aborting.
ERROR - 2019-01-15 01:42:37 --> Session: session.auto_start is enabled in php.ini. Aborting.
ERROR - 2019-01-15 01:42:40 --> Session: session.auto_start is enabled in php.ini. Aborting.
ERROR - 2019-01-15 01:42:42 --> Session: session.auto_start is enabled in php.ini. Aborting.
ERROR - 2019-01-15 01:42:44 --> Session: session.auto_start is enabled in php.ini. Aborting.
ERROR - 2019-01-15 01:42:49 --> Session: session.auto_start is enabled in php.ini. Aborting.
ERROR - 2019-01-15 01:42:51 --> Session: session.auto_start is enabled in php.ini. Aborting.
ERROR - 2019-01-15 01:51:27 --> Session: session.auto_start is enabled in php.ini. Aborting.
ERROR - 2019-01-15 01:53:58 --> Session: session.auto_start is enabled in php.ini. Aborting.
ERROR - 2019-01-15 01:53:58 --> 404 Page Not Found: Dashboard/lumino
ERROR - 2019-01-15 01:53:58 --> 404 Page Not Found: Dashboard/lumino
ERROR - 2019-01-15 01:53:58 --> 404 Page Not Found: Dashboard/lumino
ERROR - 2019-01-15 01:53:58 --> 404 Page Not Found: Dashboard/lumino
ERROR - 2019-01-15 01:53:58 --> 404 Page Not Found: Dashboard/lumino
ERROR - 2019-01-15 01:53:58 --> 404 Page Not Found: Dashboard/lumino
ERROR - 2019-01-15 01:53:58 --> 404 Page Not Found: Dashboard/lumino
ERROR - 2019-01-15 01:53:58 --> 404 Page Not Found: Dashboard/lumino
ERROR - 2019-01-15 01:53:58 --> 404 Page Not Found: Dashboard/lumino
ERROR - 2019-01-15 01:53:58 --> 404 Page Not Found: Dashboard/lumino
ERROR - 2019-01-15 01:53:58 --> 404 Page Not Found: Dashboard/lumino
ERROR - 2019-01-15 01:53:58 --> 404 Page Not Found: Dashboard/lumino
ERROR - 2019-01-15 01:53:58 --> 404 Page Not Found: Dashboard/lumino
ERROR - 2019-01-15 01:53:58 --> 404 Page Not Found: Dashboard/lumino
ERROR - 2019-01-15 01:53:58 --> 404 Page Not Found: Dashboard/lumino
ERROR - 2019-01-15 01:53:58 --> 404 Page Not Found: Dashboard/lumino
ERROR - 2019-01-15 01:53:58 --> 404 Page Not Found: Dashboard/lumino
ERROR - 2019-01-15 01:53:58 --> 404 Page Not Found: Dashboard/lumino
ERROR - 2019-01-15 01:53:58 --> 404 Page Not Found: Dashboard/lumino
ERROR - 2019-01-15 01:53:59 --> 404 Page Not Found: Dashboard/lumino
ERROR - 2019-01-15 01:53:59 --> 404 Page Not Found: Dashboard/lumino
ERROR - 2019-01-15 01:53:59 --> 404 Page Not Found: Dashboard/lumino
ERROR - 2019-01-15 01:53:59 --> 404 Page Not Found: Dashboard/lumino
ERROR - 2019-01-15 01:53:59 --> 404 Page Not Found: Dashboard/lumino
ERROR - 2019-01-15 01:53:59 --> 404 Page Not Found: Dashboard/lumino
ERROR - 2019-01-15 01:53:59 --> 404 Page Not Found: Dashboard/lumino
ERROR - 2019-01-15 01:53:59 --> 404 Page Not Found: Dashboard/lumino
ERROR - 2019-01-15 01:53:59 --> 404 Page Not Found: Dashboard/lumino
ERROR - 2019-01-15 01:59:19 --> Session: session.auto_start is enabled in php.ini. Aborting.
ERROR - 2019-01-15 01:59:19 --> 404 Page Not Found: Dashboard/assets
ERROR - 2019-01-15 01:59:19 --> 404 Page Not Found: Dashboard/assets
ERROR - 2019-01-15 01:59:19 --> 404 Page Not Found: Dashboard/assets
ERROR - 2019-01-15 01:59:19 --> 404 Page Not Found: Dashboard/assets
ERROR - 2019-01-15 01:59:19 --> 404 Page Not Found: Dashboard/assets
ERROR - 2019-01-15 01:59:19 --> 404 Page Not Found: Dashboard/assets
ERROR - 2019-01-15 01:59:19 --> 404 Page Not Found: Dashboard/assets
ERROR - 2019-01-15 01:59:19 --> 404 Page Not Found: Dashboard/assets
ERROR - 2019-01-15 01:59:19 --> 404 Page Not Found: Dashboard/assets
ERROR - 2019-01-15 01:59:19 --> 404 Page Not Found: Dashboard/assets
ERROR - 2019-01-15 01:59:19 --> 404 Page Not Found: Dashboard/assets
ERROR - 2019-01-15 01:59:19 --> 404 Page Not Found: Dashboard/assets
ERROR - 2019-01-15 01:59:19 --> 404 Page Not Found: Dashboard/assets
ERROR - 2019-01-15 01:59:19 --> 404 Page Not Found: Dashboard/assets
ERROR - 2019-01-15 01:59:19 --> 404 Page Not Found: Dashboard/assets
ERROR - 2019-01-15 01:59:19 --> 404 Page Not Found: Dashboard/assets
ERROR - 2019-01-15 01:59:19 --> 404 Page Not Found: Dashboard/assets
ERROR - 2019-01-15 01:59:19 --> 404 Page Not Found: Dashboard/assets
ERROR - 2019-01-15 01:59:19 --> 404 Page Not Found: Dashboard/assets
ERROR - 2019-01-15 01:59:19 --> 404 Page Not Found: Dashboard/assets
ERROR - 2019-01-15 01:59:19 --> 404 Page Not Found: Dashboard/assets
ERROR - 2019-01-15 01:59:19 --> 404 Page Not Found: Dashboard/assets
ERROR - 2019-01-15 01:59:19 --> 404 Page Not Found: Dashboard/assets
ERROR - 2019-01-15 01:59:20 --> 404 Page Not Found: Dashboard/assets
ERROR - 2019-01-15 01:59:20 --> 404 Page Not Found: Dashboard/assets
ERROR - 2019-01-15 01:59:20 --> 404 Page Not Found: Dashboard/assets
ERROR - 2019-01-15 01:59:20 --> 404 Page Not Found: Dashboard/assets
ERROR - 2019-01-15 01:59:20 --> 404 Page Not Found: Dashboard/assets
ERROR - 2019-01-15 01:59:20 --> 404 Page Not Found: Dashboard/assets
ERROR - 2019-01-15 01:59:20 --> 404 Page Not Found: Dashboard/assets
ERROR - 2019-01-15 01:59:20 --> 404 Page Not Found: Dashboard/assets
ERROR - 2019-01-15 01:59:20 --> 404 Page Not Found: Dashboard/assets
ERROR - 2019-01-15 01:59:20 --> 404 Page Not Found: Dashboard/assets
ERROR - 2019-01-15 01:59:20 --> 404 Page Not Found: Dashboard/assets
ERROR - 2019-01-15 01:59:20 --> 404 Page Not Found: Dashboard/assets
ERROR - 2019-01-15 01:59:20 --> 404 Page Not Found: Dashboard/assets
ERROR - 2019-01-15 01:59:20 --> 404 Page Not Found: Dashboard/assets
ERROR - 2019-01-15 01:59:20 --> 404 Page Not Found: Dashboard/assets
ERROR - 2019-01-15 01:59:20 --> 404 Page Not Found: Dashboard/assets
ERROR - 2019-01-15 01:59:33 --> Session: session.auto_start is enabled in php.ini. Aborting.
ERROR - 2019-01-15 01:59:35 --> Session: session.auto_start is enabled in php.ini. Aborting.
ERROR - 2019-01-15 01:59:36 --> 404 Page Not Found: Dashboard/assets
ERROR - 2019-01-15 01:59:36 --> 404 Page Not Found: Dashboard/assets
ERROR - 2019-01-15 01:59:36 --> 404 Page Not Found: Dashboard/assets
ERROR - 2019-01-15 01:59:36 --> 404 Page Not Found: Dashboard/assets
ERROR - 2019-01-15 01:59:36 --> 404 Page Not Found: Dashboard/assets
ERROR - 2019-01-15 01:59:36 --> 404 Page Not Found: Dashboard/assets
ERROR - 2019-01-15 01:59:36 --> 404 Page Not Found: Dashboard/assets
ERROR - 2019-01-15 01:59:36 --> 404 Page Not Found: Dashboard/assets
ERROR - 2019-01-15 01:59:36 --> 404 Page Not Found: Dashboard/assets
ERROR - 2019-01-15 01:59:36 --> 404 Page Not Found: Dashboard/assets
ERROR - 2019-01-15 01:59:36 --> 404 Page Not Found: Dashboard/assets
ERROR - 2019-01-15 01:59:36 --> 404 Page Not Found: Dashboard/assets
ERROR - 2019-01-15 01:59:36 --> 404 Page Not Found: Dashboard/assets
ERROR - 2019-01-15 01:59:36 --> 404 Page Not Found: Dashboard/assets
ERROR - 2019-01-15 01:59:36 --> 404 Page Not Found: Dashboard/assets
ERROR - 2019-01-15 01:59:36 --> 404 Page Not Found: Dashboard/assets
ERROR - 2019-01-15 01:59:36 --> 404 Page Not Found: Dashboard/assets
ERROR - 2019-01-15 01:59:36 --> 404 Page Not Found: Dashboard/assets
ERROR - 2019-01-15 01:59:36 --> 404 Page Not Found: Dashboard/assets
ERROR - 2019-01-15 01:59:36 --> 404 Page Not Found: Dashboard/assets
ERROR - 2019-01-15 01:59:36 --> 404 Page Not Found: Dashboard/assets
ERROR - 2019-01-15 01:59:36 --> 404 Page Not Found: Dashboard/assets
ERROR - 2019-01-15 01:59:36 --> 404 Page Not Found: Dashboard/assets
ERROR - 2019-01-15 01:59:36 --> 404 Page Not Found: Dashboard/assets
ERROR - 2019-01-15 01:59:36 --> 404 Page Not Found: Dashboard/assets
ERROR - 2019-01-15 01:59:36 --> 404 Page Not Found: Dashboard/assets
ERROR - 2019-01-15 01:59:36 --> 404 Page Not Found: Dashboard/assets
ERROR - 2019-01-15 01:59:36 --> 404 Page Not Found: Dashboard/assets
ERROR - 2019-01-15 01:59:36 --> 404 Page Not Found: Dashboard/assets
ERROR - 2019-01-15 01:59:36 --> 404 Page Not Found: Dashboard/assets
ERROR - 2019-01-15 01:59:36 --> 404 Page Not Found: Dashboard/assets
ERROR - 2019-01-15 01:59:37 --> 404 Page Not Found: Dashboard/assets
ERROR - 2019-01-15 01:59:37 --> 404 Page Not Found: Dashboard/assets
ERROR - 2019-01-15 01:59:37 --> 404 Page Not Found: Dashboard/assets
ERROR - 2019-01-15 01:59:37 --> 404 Page Not Found: Dashboard/assets
ERROR - 2019-01-15 01:59:37 --> 404 Page Not Found: Dashboard/assets
ERROR - 2019-01-15 01:59:37 --> 404 Page Not Found: Dashboard/assets
ERROR - 2019-01-15 01:59:37 --> 404 Page Not Found: Dashboard/assets
ERROR - 2019-01-15 02:02:41 --> Session: session.auto_start is enabled in php.ini. Aborting.
ERROR - 2019-01-15 02:02:42 --> Session: session.auto_start is enabled in php.ini. Aborting.
ERROR - 2019-01-15 02:02:42 --> Session: session.auto_start is enabled in php.ini. Aborting.
ERROR - 2019-01-15 02:02:44 --> Session: session.auto_start is enabled in php.ini. Aborting.
ERROR - 2019-01-15 02:02:45 --> Session: session.auto_start is enabled in php.ini. Aborting.
ERROR - 2019-01-15 02:02:45 --> 404 Page Not Found: Dashboard/assets
ERROR - 2019-01-15 02:02:46 --> 404 Page Not Found: Dashboard/assets
ERROR - 2019-01-15 02:02:46 --> 404 Page Not Found: Dashboard/assets
ERROR - 2019-01-15 02:02:46 --> 404 Page Not Found: Dashboard/assets
ERROR - 2019-01-15 02:02:46 --> 404 Page Not Found: Dashboard/assets
ERROR - 2019-01-15 02:02:46 --> 404 Page Not Found: Dashboard/assets
ERROR - 2019-01-15 02:02:46 --> 404 Page Not Found: Dashboard/assets
ERROR - 2019-01-15 02:02:46 --> 404 Page Not Found: Dashboard/assets
ERROR - 2019-01-15 02:02:46 --> 404 Page Not Found: Dashboard/assets
ERROR - 2019-01-15 02:02:46 --> 404 Page Not Found: Dashboard/assets
ERROR - 2019-01-15 02:02:46 --> 404 Page Not Found: Dashboard/assets
ERROR - 2019-01-15 02:02:46 --> 404 Page Not Found: Dashboard/assets
ERROR - 2019-01-15 02:02:46 --> 404 Page Not Found: Dashboard/assets
ERROR - 2019-01-15 02:02:46 --> 404 Page Not Found: Dashboard/assets
ERROR - 2019-01-15 02:02:46 --> 404 Page Not Found: Dashboard/assets
ERROR - 2019-01-15 02:02:46 --> 404 Page Not Found: Dashboard/assets
ERROR - 2019-01-15 02:02:46 --> 404 Page Not Found: Dashboard/assets
ERROR - 2019-01-15 02:02:46 --> 404 Page Not Found: Dashboard/assets
ERROR - 2019-01-15 02:02:46 --> 404 Page Not Found: Dashboard/assets
ERROR - 2019-01-15 02:02:46 --> 404 Page Not Found: Dashboard/assets
ERROR - 2019-01-15 02:02:46 --> 404 Page Not Found: Dashboard/assets
ERROR - 2019-01-15 02:02:46 --> 404 Page Not Found: Dashboard/assets
ERROR - 2019-01-15 02:02:46 --> 404 Page Not Found: Dashboard/assets
ERROR - 2019-01-15 02:02:46 --> 404 Page Not Found: Dashboard/assets
ERROR - 2019-01-15 02:02:46 --> 404 Page Not Found: Dashboard/assets
ERROR - 2019-01-15 02:02:46 --> 404 Page Not Found: Dashboard/assets
ERROR - 2019-01-15 02:02:46 --> 404 Page Not Found: Dashboard/assets
ERROR - 2019-01-15 02:02:46 --> 404 Page Not Found: Dashboard/assets
ERROR - 2019-01-15 02:02:46 --> 404 Page Not Found: Dashboard/assets
ERROR - 2019-01-15 02:02:46 --> 404 Page Not Found: Dashboard/assets
ERROR - 2019-01-15 02:02:46 --> 404 Page Not Found: Dashboard/assets
ERROR - 2019-01-15 02:02:47 --> 404 Page Not Found: Dashboard/assets
ERROR - 2019-01-15 02:02:47 --> 404 Page Not Found: Dashboard/assets
ERROR - 2019-01-15 02:02:47 --> 404 Page Not Found: Dashboard/assets
ERROR - 2019-01-15 02:02:47 --> 404 Page Not Found: Dashboard/assets
ERROR - 2019-01-15 02:02:47 --> 404 Page Not Found: Dashboard/assets
ERROR - 2019-01-15 02:02:47 --> 404 Page Not Found: Dashboard/assets
ERROR - 2019-01-15 02:02:47 --> 404 Page Not Found: Dashboard/assets
ERROR - 2019-01-15 02:02:47 --> 404 Page Not Found: Dashboard/assets
ERROR - 2019-01-15 02:02:47 --> 404 Page Not Found: Dashboard/assets
ERROR - 2019-01-15 02:02:59 --> Session: session.auto_start is enabled in php.ini. Aborting.
ERROR - 2019-01-15 02:02:59 --> 404 Page Not Found: Dashboard/assets
ERROR - 2019-01-15 02:02:59 --> 404 Page Not Found: Dashboard/assets
ERROR - 2019-01-15 02:02:59 --> 404 Page Not Found: Dashboard/assets
ERROR - 2019-01-15 02:02:59 --> 404 Page Not Found: Dashboard/assets
ERROR - 2019-01-15 02:02:59 --> 404 Page Not Found: Dashboard/assets
ERROR - 2019-01-15 02:02:59 --> 404 Page Not Found: Dashboard/assets
ERROR - 2019-01-15 02:02:59 --> 404 Page Not Found: Dashboard/assets
ERROR - 2019-01-15 02:02:59 --> 404 Page Not Found: Dashboard/assets
ERROR - 2019-01-15 02:02:59 --> 404 Page Not Found: Dashboard/assets
ERROR - 2019-01-15 02:02:59 --> 404 Page Not Found: Dashboard/assets
ERROR - 2019-01-15 02:02:59 --> 404 Page Not Found: Dashboard/assets
ERROR - 2019-01-15 02:02:59 --> 404 Page Not Found: Dashboard/assets
ERROR - 2019-01-15 02:02:59 --> 404 Page Not Found: Dashboard/assets
ERROR - 2019-01-15 02:02:59 --> 404 Page Not Found: Dashboard/assets
ERROR - 2019-01-15 02:02:59 --> 404 Page Not Found: Dashboard/assets
ERROR - 2019-01-15 02:02:59 --> 404 Page Not Found: Dashboard/assets
ERROR - 2019-01-15 02:02:59 --> 404 Page Not Found: Dashboard/assets
ERROR - 2019-01-15 02:02:59 --> 404 Page Not Found: Dashboard/assets
ERROR - 2019-01-15 02:02:59 --> 404 Page Not Found: Dashboard/assets
ERROR - 2019-01-15 02:02:59 --> 404 Page Not Found: Dashboard/assets
ERROR - 2019-01-15 02:02:59 --> 404 Page Not Found: Dashboard/assets
ERROR - 2019-01-15 02:03:00 --> 404 Page Not Found: Dashboard/assets
ERROR - 2019-01-15 02:03:00 --> 404 Page Not Found: Dashboard/assets
ERROR - 2019-01-15 02:03:00 --> 404 Page Not Found: Dashboard/assets
ERROR - 2019-01-15 02:03:00 --> 404 Page Not Found: Dashboard/assets
ERROR - 2019-01-15 02:03:00 --> 404 Page Not Found: Dashboard/assets
ERROR - 2019-01-15 02:03:00 --> 404 Page Not Found: Dashboard/assets
ERROR - 2019-01-15 02:03:00 --> 404 Page Not Found: Dashboard/assets
ERROR - 2019-01-15 02:03:00 --> 404 Page Not Found: Dashboard/assets
ERROR - 2019-01-15 02:03:00 --> 404 Page Not Found: Dashboard/assets
ERROR - 2019-01-15 02:03:00 --> 404 Page Not Found: Dashboard/assets
ERROR - 2019-01-15 02:03:00 --> 404 Page Not Found: Dashboard/assets
ERROR - 2019-01-15 02:03:00 --> 404 Page Not Found: Dashboard/assets
ERROR - 2019-01-15 02:03:00 --> 404 Page Not Found: Dashboard/assets
ERROR - 2019-01-15 02:03:00 --> 404 Page Not Found: Dashboard/assets
ERROR - 2019-01-15 02:03:00 --> 404 Page Not Found: Dashboard/assets
ERROR - 2019-01-15 02:03:00 --> 404 Page Not Found: Dashboard/assets
ERROR - 2019-01-15 02:05:19 --> Session: session.auto_start is enabled in php.ini. Aborting.
ERROR - 2019-01-15 02:06:28 --> Session: session.auto_start is enabled in php.ini. Aborting.
ERROR - 2019-01-15 02:07:54 --> Session: session.auto_start is enabled in php.ini. Aborting.
ERROR - 2019-01-15 02:08:00 --> Session: session.auto_start is enabled in php.ini. Aborting.
ERROR - 2019-01-15 02:08:00 --> Session: session.auto_start is enabled in php.ini. Aborting.
ERROR - 2019-01-15 02:08:00 --> Session: session.auto_start is enabled in php.ini. Aborting.
ERROR - 2019-01-15 02:08:03 --> Session: session.auto_start is enabled in php.ini. Aborting.
ERROR - 2019-01-15 02:08:05 --> Session: session.auto_start is enabled in php.ini. Aborting.
ERROR - 2019-01-15 02:08:07 --> Session: session.auto_start is enabled in php.ini. Aborting.
ERROR - 2019-01-15 02:08:52 --> Session: session.auto_start is enabled in php.ini. Aborting.
ERROR - 2019-01-15 02:08:55 --> Session: session.auto_start is enabled in php.ini. Aborting.
ERROR - 2019-01-15 02:09:23 --> Session: session.auto_start is enabled in php.ini. Aborting.
ERROR - 2019-01-15 02:09:33 --> Session: session.auto_start is enabled in php.ini. Aborting.
ERROR - 2019-01-15 02:09:53 --> Session: session.auto_start is enabled in php.ini. Aborting.
ERROR - 2019-01-15 02:10:04 --> Session: session.auto_start is enabled in php.ini. Aborting.
ERROR - 2019-01-15 02:10:33 --> Session: session.auto_start is enabled in php.ini. Aborting.
ERROR - 2019-01-15 02:18:07 --> Session: session.auto_start is enabled in php.ini. Aborting.
ERROR - 2019-01-15 02:18:44 --> Session: session.auto_start is enabled in php.ini. Aborting.
ERROR - 2019-01-15 02:18:52 --> Session: session.auto_start is enabled in php.ini. Aborting.
ERROR - 2019-01-15 02:18:59 --> Session: session.auto_start is enabled in php.ini. Aborting.
ERROR - 2019-01-15 02:19:07 --> Session: session.auto_start is enabled in php.ini. Aborting.
ERROR - 2019-01-15 02:20:14 --> Session: session.auto_start is enabled in php.ini. Aborting.
ERROR - 2019-01-15 02:20:17 --> Session: session.auto_start is enabled in php.ini. Aborting.
ERROR - 2019-01-15 02:20:25 --> Session: session.auto_start is enabled in php.ini. Aborting.
ERROR - 2019-01-15 02:26:07 --> Session: session.auto_start is enabled in php.ini. Aborting.
ERROR - 2019-01-15 02:26:40 --> Session: session.auto_start is enabled in php.ini. Aborting.
ERROR - 2019-01-15 02:27:00 --> Session: session.auto_start is enabled in php.ini. Aborting.
ERROR - 2019-01-15 02:27:41 --> Session: session.auto_start is enabled in php.ini. Aborting.
ERROR - 2019-01-15 02:28:09 --> Session: session.auto_start is enabled in php.ini. Aborting.
ERROR - 2019-01-15 02:28:44 --> Session: session.auto_start is enabled in php.ini. Aborting.
ERROR - 2019-01-15 02:28:59 --> Session: session.auto_start is enabled in php.ini. Aborting.
ERROR - 2019-01-15 02:29:34 --> Session: session.auto_start is enabled in php.ini. Aborting.
ERROR - 2019-01-15 02:29:49 --> Session: session.auto_start is enabled in php.ini. Aborting.
ERROR - 2019-01-15 02:29:59 --> Session: session.auto_start is enabled in php.ini. Aborting.
ERROR - 2019-01-15 02:30:04 --> Session: session.auto_start is enabled in php.ini. Aborting.
ERROR - 2019-01-15 02:34:52 --> Session: session.auto_start is enabled in php.ini. Aborting.
ERROR - 2019-01-15 02:35:04 --> Session: session.auto_start is enabled in php.ini. Aborting.
ERROR - 2019-01-15 02:35:14 --> Session: session.auto_start is enabled in php.ini. Aborting.
ERROR - 2019-01-15 02:35:29 --> Session: session.auto_start is enabled in php.ini. Aborting.
ERROR - 2019-01-15 02:35:35 --> Session: session.auto_start is enabled in php.ini. Aborting.
ERROR - 2019-01-15 02:35:53 --> Session: session.auto_start is enabled in php.ini. Aborting.
ERROR - 2019-01-15 02:35:58 --> Session: session.auto_start is enabled in php.ini. Aborting.
ERROR - 2019-01-15 02:36:16 --> Session: session.auto_start is enabled in php.ini. Aborting.
ERROR - 2019-01-15 02:37:51 --> Session: session.auto_start is enabled in php.ini. Aborting.
ERROR - 2019-01-15 02:40:05 --> Session: session.auto_start is enabled in php.ini. Aborting.
ERROR - 2019-01-15 02:44:10 --> Session: session.auto_start is enabled in php.ini. Aborting.
ERROR - 2019-01-15 02:44:30 --> Session: session.auto_start is enabled in php.ini. Aborting.
ERROR - 2019-01-15 02:44:43 --> Session: session.auto_start is enabled in php.ini. Aborting.
ERROR - 2019-01-15 02:47:01 --> Session: session.auto_start is enabled in php.ini. Aborting.
ERROR - 2019-01-15 02:52:28 --> Session: session.auto_start is enabled in php.ini. Aborting.
ERROR - 2019-01-15 02:52:42 --> Session: session.auto_start is enabled in php.ini. Aborting.
ERROR - 2019-01-15 02:53:19 --> Session: session.auto_start is enabled in php.ini. Aborting.
ERROR - 2019-01-15 02:54:17 --> Session: session.auto_start is enabled in php.ini. Aborting.
ERROR - 2019-01-15 02:54:39 --> Session: session.auto_start is enabled in php.ini. Aborting.
ERROR - 2019-01-15 02:58:08 --> Session: session.auto_start is enabled in php.ini. Aborting.
ERROR - 2019-01-15 02:58:16 --> Session: session.auto_start is enabled in php.ini. Aborting.
ERROR - 2019-01-15 02:58:18 --> Session: session.auto_start is enabled in php.ini. Aborting.
ERROR - 2019-01-15 02:58:35 --> Session: session.auto_start is enabled in php.ini. Aborting.
ERROR - 2019-01-15 02:58:37 --> Session: session.auto_start is enabled in php.ini. Aborting.
ERROR - 2019-01-15 02:58:40 --> Session: session.auto_start is enabled in php.ini. Aborting.
ERROR - 2019-01-15 02:58:44 --> Session: session.auto_start is enabled in php.ini. Aborting.
ERROR - 2019-01-15 02:58:48 --> Session: session.auto_start is enabled in php.ini. Aborting.
ERROR - 2019-01-15 03:00:05 --> Session: session.auto_start is enabled in php.ini. Aborting.
ERROR - 2019-01-15 03:11:30 --> Session: session.auto_start is enabled in php.ini. Aborting.
ERROR - 2019-01-15 03:11:31 --> Session: session.auto_start is enabled in php.ini. Aborting.
ERROR - 2019-01-15 03:12:03 --> Session: session.auto_start is enabled in php.ini. Aborting.
ERROR - 2019-01-15 03:14:44 --> Session: session.auto_start is enabled in php.ini. Aborting.
ERROR - 2019-01-15 03:14:54 --> Session: session.auto_start is enabled in php.ini. Aborting.
ERROR - 2019-01-15 03:15:11 --> Session: session.auto_start is enabled in php.ini. Aborting.
ERROR - 2019-01-15 03:15:53 --> Session: session.auto_start is enabled in php.ini. Aborting.
ERROR - 2019-01-15 03:21:03 --> Session: session.auto_start is enabled in php.ini. Aborting.
ERROR - 2019-01-15 03:21:35 --> Session: session.auto_start is enabled in php.ini. Aborting.
ERROR - 2019-01-15 03:25:59 --> Session: session.auto_start is enabled in php.ini. Aborting.
ERROR - 2019-01-15 03:26:01 --> Session: session.auto_start is enabled in php.ini. Aborting.
ERROR - 2019-01-15 03:26:13 --> Session: session.auto_start is enabled in php.ini. Aborting.
ERROR - 2019-01-15 03:26:38 --> Session: session.auto_start is enabled in php.ini. Aborting.
ERROR - 2019-01-15 03:26:40 --> Session: session.auto_start is enabled in php.ini. Aborting.
ERROR - 2019-01-15 04:53:49 --> Session: session.auto_start is enabled in php.ini. Aborting.
ERROR - 2019-01-15 04:56:31 --> Session: session.auto_start is enabled in php.ini. Aborting.
ERROR - 2019-01-15 04:56:42 --> Session: session.auto_start is enabled in php.ini. Aborting.
ERROR - 2019-01-15 04:56:48 --> Session: session.auto_start is enabled in php.ini. Aborting.
ERROR - 2019-01-15 04:56:52 --> Session: session.auto_start is enabled in php.ini. Aborting.
ERROR - 2019-01-15 04:56:59 --> Session: session.auto_start is enabled in php.ini. Aborting.
ERROR - 2019-01-15 04:57:19 --> Session: session.auto_start is enabled in php.ini. Aborting.
ERROR - 2019-01-15 04:57:22 --> Session: session.auto_start is enabled in php.ini. Aborting.
ERROR - 2019-01-15 04:57:28 --> Session: session.auto_start is enabled in php.ini. Aborting.
ERROR - 2019-01-15 04:57:35 --> Session: session.auto_start is enabled in php.ini. Aborting.
ERROR - 2019-01-15 04:57:51 --> Session: session.auto_start is enabled in php.ini. Aborting.
ERROR - 2019-01-15 04:57:54 --> Session: session.auto_start is enabled in php.ini. Aborting.
ERROR - 2019-01-15 04:58:04 --> Session: session.auto_start is enabled in php.ini. Aborting.
ERROR - 2019-01-15 04:58:12 --> Session: session.auto_start is enabled in php.ini. Aborting.
ERROR - 2019-01-15 04:58:18 --> Session: session.auto_start is enabled in php.ini. Aborting.
ERROR - 2019-01-15 04:58:23 --> Session: session.auto_start is enabled in php.ini. Aborting.
ERROR - 2019-01-15 04:58:25 --> Session: session.auto_start is enabled in php.ini. Aborting.
ERROR - 2019-01-15 04:58:53 --> Session: session.auto_start is enabled in php.ini. Aborting.
ERROR - 2019-01-15 04:58:57 --> Session: session.auto_start is enabled in php.ini. Aborting.
ERROR - 2019-01-15 04:59:12 --> Session: session.auto_start is enabled in php.ini. Aborting.
ERROR - 2019-01-15 04:59:51 --> Session: session.auto_start is enabled in php.ini. Aborting.
ERROR - 2019-01-15 04:59:54 --> Session: session.auto_start is enabled in php.ini. Aborting.
ERROR - 2019-01-15 04:59:57 --> Session: session.auto_start is enabled in php.ini. Aborting.
ERROR - 2019-01-15 05:00:09 --> Session: session.auto_start is enabled in php.ini. Aborting.
ERROR - 2019-01-15 05:02:37 --> Session: session.auto_start is enabled in php.ini. Aborting.
ERROR - 2019-01-15 05:03:01 --> Session: session.auto_start is enabled in php.ini. Aborting.
ERROR - 2019-01-15 05:03:05 --> Session: session.auto_start is enabled in php.ini. Aborting.
ERROR - 2019-01-15 05:03:07 --> Session: session.auto_start is enabled in php.ini. Aborting.
ERROR - 2019-01-15 05:04:36 --> Session: session.auto_start is enabled in php.ini. Aborting.
ERROR - 2019-01-15 05:04:40 --> Session: session.auto_start is enabled in php.ini. Aborting.
ERROR - 2019-01-15 05:05:19 --> Session: session.auto_start is enabled in php.ini. Aborting.
ERROR - 2019-01-15 05:05:55 --> Session: session.auto_start is enabled in php.ini. Aborting.
ERROR - 2019-01-15 05:06:24 --> Session: session.auto_start is enabled in php.ini. Aborting.
ERROR - 2019-01-15 05:06:38 --> Session: session.auto_start is enabled in php.ini. Aborting.
ERROR - 2019-01-15 05:07:47 --> Session: session.auto_start is enabled in php.ini. Aborting.
ERROR - 2019-01-15 05:09:02 --> Session: session.auto_start is enabled in php.ini. Aborting.
ERROR - 2019-01-15 05:09:06 --> Session: session.auto_start is enabled in php.ini. Aborting.
ERROR - 2019-01-15 05:09:08 --> Session: session.auto_start is enabled in php.ini. Aborting.
ERROR - 2019-01-15 05:09:10 --> Session: session.auto_start is enabled in php.ini. Aborting.
ERROR - 2019-01-15 05:09:17 --> Session: session.auto_start is enabled in php.ini. Aborting.
ERROR - 2019-01-15 05:09:26 --> Session: session.auto_start is enabled in php.ini. Aborting.
ERROR - 2019-01-15 05:09:29 --> Session: session.auto_start is enabled in php.ini. Aborting.
ERROR - 2019-01-15 05:09:32 --> Session: session.auto_start is enabled in php.ini. Aborting.
ERROR - 2019-01-15 05:09:39 --> Session: session.auto_start is enabled in php.ini. Aborting.
ERROR - 2019-01-15 05:10:10 --> Session: session.auto_start is enabled in php.ini. Aborting.
ERROR - 2019-01-15 05:10:14 --> Session: session.auto_start is enabled in php.ini. Aborting.
ERROR - 2019-01-15 05:10:18 --> Session: session.auto_start is enabled in php.ini. Aborting.
ERROR - 2019-01-15 05:10:27 --> Session: session.auto_start is enabled in php.ini. Aborting.
ERROR - 2019-01-15 05:10:29 --> Session: session.auto_start is enabled in php.ini. Aborting.
ERROR - 2019-01-15 05:20:53 --> Session: session.auto_start is enabled in php.ini. Aborting.
ERROR - 2019-01-15 05:21:21 --> Session: session.auto_start is enabled in php.ini. Aborting.
ERROR - 2019-01-15 05:21:48 --> Session: session.auto_start is enabled in php.ini. Aborting.
ERROR - 2019-01-15 05:21:52 --> Session: session.auto_start is enabled in php.ini. Aborting.
ERROR - 2019-01-15 05:50:15 --> Session: session.auto_start is enabled in php.ini. Aborting.
ERROR - 2019-01-15 05:51:40 --> Session: session.auto_start is enabled in php.ini. Aborting.
ERROR - 2019-01-15 05:53:51 --> Session: session.auto_start is enabled in php.ini. Aborting.
ERROR - 2019-01-15 05:54:00 --> Session: session.auto_start is enabled in php.ini. Aborting.
ERROR - 2019-01-15 06:03:07 --> Session: session.auto_start is enabled in php.ini. Aborting.
ERROR - 2019-01-15 06:03:11 --> Session: session.auto_start is enabled in php.ini. Aborting.
ERROR - 2019-01-15 06:03:50 --> Session: session.auto_start is enabled in php.ini. Aborting.
ERROR - 2019-01-15 06:08:17 --> Session: session.auto_start is enabled in php.ini. Aborting.
ERROR - 2019-01-15 06:16:57 --> Session: session.auto_start is enabled in php.ini. Aborting.
ERROR - 2019-01-15 06:23:12 --> Session: session.auto_start is enabled in php.ini. Aborting.
ERROR - 2019-01-15 06:25:13 --> Session: session.auto_start is enabled in php.ini. Aborting.
ERROR - 2019-01-15 06:25:21 --> Session: session.auto_start is enabled in php.ini. Aborting.
ERROR - 2019-01-15 06:25:39 --> Session: session.auto_start is enabled in php.ini. Aborting.
ERROR - 2019-01-15 06:25:44 --> Session: session.auto_start is enabled in php.ini. Aborting.
ERROR - 2019-01-15 06:26:35 --> Session: session.auto_start is enabled in php.ini. Aborting.
ERROR - 2019-01-15 06:26:45 --> Session: session.auto_start is enabled in php.ini. Aborting.
ERROR - 2019-01-15 06:26:51 --> Session: session.auto_start is enabled in php.ini. Aborting.
ERROR - 2019-01-15 06:26:58 --> Session: session.auto_start is enabled in php.ini. Aborting.
ERROR - 2019-01-15 06:27:13 --> Session: session.auto_start is enabled in php.ini. Aborting.
ERROR - 2019-01-15 06:27:19 --> Session: session.auto_start is enabled in php.ini. Aborting.
ERROR - 2019-01-15 06:28:16 --> Session: session.auto_start is enabled in php.ini. Aborting.
ERROR - 2019-01-15 06:29:09 --> Session: session.auto_start is enabled in php.ini. Aborting.
ERROR - 2019-01-15 06:29:30 --> Session: session.auto_start is enabled in php.ini. Aborting.
ERROR - 2019-01-15 06:29:37 --> Session: session.auto_start is enabled in php.ini. Aborting.
ERROR - 2019-01-15 06:39:42 --> Session: session.auto_start is enabled in php.ini. Aborting.
ERROR - 2019-01-15 06:39:51 --> Session: session.auto_start is enabled in php.ini. Aborting.
ERROR - 2019-01-15 06:40:11 --> Session: session.auto_start is enabled in php.ini. Aborting.
ERROR - 2019-01-15 06:40:57 --> Session: session.auto_start is enabled in php.ini. Aborting.
ERROR - 2019-01-15 09:09:08 --> Session: session.auto_start is enabled in php.ini. Aborting.
